\BOOKMARK [0][-]{tocanc.0}{\376\377\000I\000n\000h\000a\000l\000t\000s\000v\000e\000r\000z\000e\000i\000c\000h\000n\000i\000s}{}
\BOOKMARK [0][-]{chapter.1}{\376\377\0001\000\040\000G\000r\000u\000n\000d\000l\000a\000g\000e\000n}{}
\BOOKMARK [1][-]{section.1.1}{\376\377\0001\000.\0001\000\040\000A\000l\000p\000h\000a\000b\000e\000t}{chapter.1}
\BOOKMARK [1][-]{section.1.2}{\376\377\0001\000.\0002\000\040\000W\000o\000r\000t}{chapter.1}
\BOOKMARK [2][-]{subsection.1.2.1}{\376\377\0001\000.\0002\000.\0001\000\040\000W\000o\000r\000t\000l\000\344\000n\000g\000e}{section.1.2}
\BOOKMARK [1][-]{section.1.3}{\376\377\0001\000.\0003\000\040\000K\000o\000n\000k\000a\000t\000e\000n\000a\000t\000i\000o\000n\000\040\000u\000n\000d\000\040\000V\000e\000r\000k\000e\000t\000t\000u\000n\000g}{chapter.1}
\BOOKMARK [1][-]{section.1.4}{\376\377\0001\000.\0004\000\040\000I\000n\000d\000u\000k\000t\000i\000v\000e\000\040\000D\000e\000f\000i\000n\000i\000t\000i\000o\000n\000e\000n}{chapter.1}
\BOOKMARK [2][-]{subsection.1.4.1}{\376\377\0001\000.\0004\000.\0001\000\040\000I\000n\000d\000u\000k\000t\000i\000v\000e\000\040\000D\000e\000f\000i\000n\000i\000t\000i\000o\000n\000\040\000d\000e\000s\000\040\000W\000o\000r\000t\000b\000e\000g\000r\000i\000f\000f\000e\000s}{section.1.4}
\BOOKMARK [2][-]{subsection.1.4.2}{\376\377\0001\000.\0004\000.\0002\000\040\000I\000n\000d\000u\000k\000t\000i\000v\000e\000\040\000D\000e\000f\000i\000n\000i\000t\000i\000o\000n\000\040\000d\000e\000r\000\040\000W\000o\000r\000t\000l\000\344\000n\000g\000e}{section.1.4}
\BOOKMARK [1][-]{section.1.5}{\376\377\0001\000.\0005\000\040\000K\000a\000n\000o\000n\000i\000s\000c\000h\000e\000\040\000O\000r\000d\000n\000u\000n\000g}{chapter.1}
\BOOKMARK [1][-]{section.1.6}{\376\377\0001\000.\0006\000\040\000T\000e\000i\000l\000w\000o\000r\000t\000,\000\040\000P\000r\000\344\000f\000i\000x\000e\000,\000\040\000S\000u\000f\000f\000i\000x\000e}{chapter.1}
\BOOKMARK [1][-]{section.1.7}{\376\377\0001\000.\0007\000\040\000W\000o\000r\000t\000u\000m\000k\000e\000h\000r}{chapter.1}
\BOOKMARK [2][-]{subsection.1.7.1}{\376\377\0001\000.\0007\000.\0001\000\040\000A\000l\000t\000e\000r\000n\000a\000t\000i\000v\000:\000\040\000i\000n\000d\000u\000k\000t\000i\000v\000e\000\040\000D\000e\000f\000i\000n\000i\000t\000i\000o\000n}{section.1.7}
\BOOKMARK [1][-]{section.1.8}{\376\377\0001\000.\0008\000\040\000I\000t\000e\000r\000a\000t\000i\000o\000n}{chapter.1}
\BOOKMARK [1][-]{section.1.9}{\376\377\0001\000.\0009\000\040\000S\000p\000r\000a\000c\000h\000e\000n}{chapter.1}
\BOOKMARK [1][-]{section.1.10}{\376\377\0001\000.\0001\0000\000\040\000S\000p\000r\000a\000c\000h\000e\000n\000\040\000z\000u\000r\000\040\000B\000e\000s\000c\000h\000r\000e\000i\000b\000u\000n\000g\000\040\000v\000o\000n\000\040\000P\000r\000o\000b\000l\000e\000m\000e\000n}{chapter.1}
\BOOKMARK [2][-]{subsection.1.10.1}{\376\377\0001\000.\0001\0000\000.\0001\000\040\000E\000n\000t\000s\000c\000h\000e\000i\000d\000u\000n\000g\000s\000p\000r\000o\000b\000l\000e\000m\000e}{section.1.10}
\BOOKMARK [2][-]{subsection.1.10.2}{\376\377\0001\000.\0001\0000\000.\0002\000\040\000A\000u\000f\000z\000\344\000h\000l\000u\000n\000g\000s\000a\000l\000g\000o\000r\000i\000t\000h\000m\000u\000s\000\040\000f\000\374\000r\000\040\000L}{section.1.10}
\BOOKMARK [2][-]{subsection.1.10.3}{\376\377\0001\000.\0001\0000\000.\0003\000\040\000F\000u\000n\000k\000t\000i\000o\000n\000s\000b\000e\000r\000e\000c\000h\000n\000u\000n\000g\000e\000n}{section.1.10}
\BOOKMARK [2][-]{subsection.1.10.4}{\376\377\0001\000.\0001\0000\000.\0004\000\040\000R\000e\000l\000a\000t\000i\000o\000n\000s\000p\000r\000o\000b\000l\000e\000m\000e}{section.1.10}
\BOOKMARK [1][-]{section.1.11}{\376\377\0001\000.\0001\0001\000\040\000K\000o\000l\000m\000o\000g\000o\000r\000o\000v\000\040\000K\000o\000m\000p\000l\000e\000x\000i\000t\000\344\000t}{chapter.1}
\BOOKMARK [0][-]{chapter.2}{\376\377\0002\000\040\000E\000n\000d\000l\000i\000c\000h\000e\000\040\000A\000u\000t\000o\000m\000a\000t\000e\000n}{}
